<?xml version="1.0" encoding="UTF-8"?>
<!-- Generated by org.testng.reporters.JUnitReportReporter -->
<testsuite hostname="DESKTOP-36871UL" name="first.ng.lesson.GroupTest" tests="2" failures="0" timestamp="22 Sep 2017 18:11:16 GMT" time="0.000" errors="0">
  <testcase name="FirstGroup" time="0.000" classname="first.ng.lesson.GroupTest"/>
  <testcase name="SecondGroup" time="0.000" classname="first.ng.lesson.GroupTest"/>
</testsuite> <!-- first.ng.lesson.GroupTest -->
