<?xml version="1.0" encoding="UTF-8"?>
<!-- Generated by org.testng.reporters.JUnitReportReporter -->
<testsuite hostname="DESKTOP-36871UL" name="first.ng.lesson.ParamsTest" tests="2" failures="0" timestamp="22 Sep 2017 18:11:16 GMT" time="0.000" errors="0">
  <testcase name="FirstTest" time="0.000" classname="first.ng.lesson.ParamsTest"/>
  <testcase name="FirstTest" time="0.000" classname="first.ng.lesson.ParamsTest"/>
</testsuite> <!-- first.ng.lesson.ParamsTest -->
