<?xml version="1.0" encoding="UTF-8"?>
<!-- Generated by org.testng.reporters.JUnitReportReporter -->
<testsuite hostname="DESKTOP-36871UL" name="first.ng.lesson.TestNgDemo" tests="3" failures="0" timestamp="22 Sep 2017 18:11:16 GMT" time="1.001" errors="0">
  <testcase name="TimeOuttest" time="1.001" classname="first.ng.lesson.TestNgDemo"/>
  <testcase name="SecondTest" time="0.000" classname="first.ng.lesson.TestNgDemo"/>
  <testcase name="FirstTest" time="0.000" classname="first.ng.lesson.TestNgDemo"/>
</testsuite> <!-- first.ng.lesson.TestNgDemo -->
