<?xml version="1.0" encoding="UTF-8"?>
<!-- Generated by org.testng.reporters.JUnitReportReporter -->
<testsuite hostname="DESKTOP-36871UL" name="Firstlesson.AppTest" tests="1" failures="0" timestamp="22 Sep 2017 18:11:16 GMT" time="0.002" errors="0">
  <testcase name="testApp" time="0.002" classname="Firstlesson.AppTest"/>
</testsuite> <!-- Firstlesson.AppTest -->
